Flutter crash report.
Please report a bug at https://github.com/flutter/flutter/issues.

## command

flutter --no-color run --machine --track-widget-creation --device-id=chrome lib\main.dart

## exception

StateError: Bad state: No context with the running Dart application.

```
#0      RemoteDebuggerExecutionContext.id (package:dwds/src/debugging/execution_context.dart:47:7)
<asynchronous suspension>
#1      ChromeMetadataProvider.libraries (package:dwds/src/debugging/metadata/provider.dart:75:44)
#2      LibraryHelper.libraryRefs (package:dwds/src/debugging/libraries.dart:28:54)
#3      AppInspector._initialize (package:dwds/src/debugging/inspector.dart:85:41)
#4      AppInspector.initialize (package:dwds/src/debugging/inspector.dart:152:24)
#5      ChromeProxyService.createIsolate (package:dwds/src/services/chrome_proxy_service.dart:188:37)
<asynchronous suspension>
#6      ChromeProxyService.create (package:dwds/src/services/chrome_proxy_service.dart:155:23)
#7      DebugService.start (package:dwds/src/services/debug_service.dart:140:55)
#8      DevHandler._startLocalDebugService (package:dwds/src/handlers/dev_handler.dart:180:25)
#9      _rootRunUnary (dart:async/zone.dart:1198:47)
#10     _CustomZone.runUnary (dart:async/zone.dart:1100:19)
#11     _FutureListener.handleValue (dart:async/future_impl.dart:143:18)
#12     Future._propagateToListeners.handleValueCallback (dart:async/future_impl.dart:696:45)
#13     Future._propagateToListeners (dart:async/future_impl.dart:725:32)
#14     Future._completeWithValue (dart:async/future_impl.dart:529:5)
#15     Future._asyncCompleteWithValue.<anonymous closure> (dart:async/future_impl.dart:567:7)
#16     _rootRun (dart:async/zone.dart:1190:13)
#17     _CustomZone.run (dart:async/zone.dart:1093:19)
#18     _CustomZone.runGuarded (dart:async/zone.dart:997:7)
#19     _CustomZone.bindCallbackGuarded.<anonymous closure> (dart:async/zone.dart:1037:23)
#20     _microtaskLoop (dart:async/schedule_microtask.dart:41:21)
#21     _startMicrotaskLoop (dart:async/schedule_microtask.dart:50:5)
#22     _runPendingImmediateCallback (dart:isolate-patch/isolate_patch.dart:118:13)
#23     _RawReceivePortImpl._handleMessage (dart:isolate-patch/isolate_patch.dart:169:5)
```

## flutter doctor

```
[✓] Flutter (Channel master, 1.20.0-3.0.pre.161, on Microsoft Windows [Version 10.0.18363.900], locale zh-CN)
    • Flutter version 1.20.0-3.0.pre.161 at D:\flutter
    • Framework revision 5969eb60ec (33 hours ago), 2020-07-07 19:34:03 -0700
    • Engine revision d0d6a4c236
    • Dart version 2.9.0 (build 2.9.0-20.0.dev 69aba23371)
    • Pub download mirror https://pub.flutter-io.cn
    • Flutter download mirror https://storage.flutter-io.cn

[✓] Android toolchain - develop for Android devices (Android SDK version 29.0.3)
    • Android SDK at D:\Android\sdk
    • Platform android-29, build-tools 29.0.3
    • ANDROID_HOME = D:\Android\sdk
    • Java binary at: D:\Android\Android Studio\jre\bin\java
    • Java version OpenJDK Runtime Environment (build 1.8.0_202-release-1483-b03)
    • All Android licenses accepted.

[✓] Chrome - develop for the web
    • Chrome at C:\Users\GDY\AppData\Local\Google\Chrome\Application\chrome.exe

[✓] Android Studio (version 3.5)
    • Android Studio at D:\Android\Android Studio
    • Flutter plugin version 44.0.1
    • Dart plugin version 191.8593
    • Java version OpenJDK Runtime Environment (build 1.8.0_202-release-1483-b03)

[✓] IntelliJ IDEA Ultimate Edition (version 2019.3)
    • IntelliJ at D:\IntelliJ IDEA 2019.3.3
    • Flutter plugin version 45.1.2
    • Dart plugin version 193.7361

[✓] Connected device (2 available)
    • Web Server (web) • web-server • web-javascript • Flutter Tools
    • Chrome (web)     • chrome     • web-javascript • Google Chrome 83.0.4103.116

• No issues found!
```
